# JRE version: Java(TM) SE Runtime Environment (8.0_191-b12) (build 1.8.0_191-b12)
# Java VM: Java HotSpot(TM) 64-Bit Server VM (25.191-b12 mixed mode linux-amd64 compressed oops)
Heap:
 PSYoungGen      total 35840K, used 18399K [0x00000000d8200000, 0x00000000daa00000, 0x0000000100000000)
  eden space 30720K, 59% used [0x00000000d8200000,0x00000000d93f7fa8,0x00000000da000000)
  from space 5120K, 0% used [0x00000000da500000,0x00000000da500000,0x00000000daa00000)
  to   space 5120K, 0% used [0x00000000da000000,0x00000000da000000,0x00000000da500000)
 ParOldGen       total 60416K, used 7455K [0x0000000088600000, 0x000000008c100000, 0x00000000d8200000)
  object space 60416K, 12% used [0x0000000088600000,0x0000000088d47d38,0x000000008c100000)
 Metaspace       used 22680K, capacity 23010K, committed 23296K, reserved 1069056K
  class space    used 2627K, capacity 2729K, committed 2816K, reserved 1048576K
GC Heap History (6 events):
Event: 2,120 GC heap before
{Heap before GC invocations=1 (full 0):
 PSYoungGen      total 35840K, used 30720K [0x00000000d8200000, 0x00000000daa00000, 0x0000000100000000)
  eden space 30720K, 100% used [0x00000000d8200000,0x00000000da000000,0x00000000da000000)
  from space 5120K, 0% used [0x00000000da500000,0x00000000da500000,0x00000000daa00000)
  to   space 5120K, 0% used [0x00000000da000000,0x00000000da000000,0x00000000da500000)
 ParOldGen       total 81920K, used 0K [0x0000000088600000, 0x000000008d600000, 0x00000000d8200000)
  object space 81920K, 0% used [0x0000000088600000,0x0000000088600000,0x000000008d600000)
 Metaspace       used 18372K, capacity 18674K, committed 19072K, reserved 1067008K
  class space    used 2235K, capacity 2337K, committed 2432K, reserved 1048576K
Event: 2,133 GC heap after
Heap after GC invocations=1 (full 0):
 PSYoungGen      total 35840K, used 5104K [0x00000000d8200000, 0x00000000daa00000, 0x0000000100000000)
  eden space 30720K, 0% used [0x00000000d8200000,0x00000000d8200000,0x00000000da000000)
  from space 5120K, 99% used [0x00000000da000000,0x00000000da4fc230,0x00000000da500000)
  to   space 5120K, 0% used [0x00000000da500000,0x00000000da500000,0x00000000daa00000)
 ParOldGen       total 81920K, used 1024K [0x0000000088600000, 0x000000008d600000, 0x00000000d8200000)
  object space 81920K, 1% used [0x0000000088600000,0x0000000088700198,0x000000008d600000)
 Metaspace       used 18372K, capacity 18674K, committed 19072K, reserved 1067008K
  class space    used 2235K, capacity 2337K, committed 2432K, reserved 1048576K
}
Event: 5,302 GC heap before
{Heap before GC invocations=2 (full 0):
 PSYoungGen      total 35840K, used 19970K [0x00000000d8200000, 0x00000000daa00000, 0x0000000100000000)
  eden space 30720K, 48% used [0x00000000d8200000,0x00000000d9084738,0x00000000da000000)
  from space 5120K, 99% used [0x00000000da000000,0x00000000da4fc230,0x00000000da500000)
  to   space 5120K, 0% used [0x00000000da500000,0x00000000da500000,0x00000000daa00000)
 ParOldGen       total 81920K, used 1024K [0x0000000088600000, 0x000000008d600000, 0x00000000d8200000)
  object space 81920K, 1% used [0x0000000088600000,0x0000000088700198,0x000000008d600000)
 Metaspace       used 20763K, capacity 21014K, committed 21296K, reserved 1069056K
  class space    used 2500K, capacity 2599K, committed 2688K, reserved 1048576K
Event: 5,318 GC heap after
Heap after GC invocations=2 (full 0):
 PSYoungGen      total 35840K, used 5104K [0x00000000d8200000, 0x00000000daa00000, 0x0000000100000000)
  eden space 30720K, 0% used [0x00000000d8200000,0x00000000d8200000,0x00000000da000000)
  from space 5120K, 99% used [0x00000000da500000,0x00000000da9fc250,0x00000000daa00000)
  to   space 5120K, 0% used [0x00000000da000000,0x00000000da000000,0x00000000da500000)
 ParOldGen       total 81920K, used 2905K [0x0000000088600000, 0x000000008d600000, 0x00000000d8200000)
  object space 81920K, 3% used [0x0000000088600000,0x00000000888d64a0,0x000000008d600000)
 Metaspace       used 20763K, capacity 21014K, committed 21296K, reserved 1069056K
  class space    used 2500K, capacity 2599K, committed 2688K, reserved 1048576K
}
Event: 5,318 GC heap before
{Heap before GC invocations=3 (full 1):
 PSYoungGen      total 35840K, used 5104K [0x00000000d8200000, 0x00000000daa00000, 0x0000000100000000)
  eden space 30720K, 0% used [0x00000000d8200000,0x00000000d8200000,0x00000000da000000)
  from space 5120K, 99% used [0x00000000da500000,0x00000000da9fc250,0x00000000daa00000)
  to   space 5120K, 0% used [0x00000000da000000,0x00000000da000000,0x00000000da500000)
 ParOldGen       total 81920K, used 2905K [0x0000000088600000, 0x000000008d600000, 0x00000000d8200000)
  object space 81920K, 3% used [0x0000000088600000,0x00000000888d64a0,0x000000008d600000)
 Metaspace       used 20763K, capacity 21014K, committed 21296K, reserved 1069056K
  class space    used 2500K, capacity 2599K, committed 2688K, reserved 1048576K
Event: 5,369 GC heap after
Heap after GC invocations=3 (full 1):
 PSYoungGen      total 35840K, used 0K [0x00000000d8200000, 0x00000000daa00000, 0x0000000100000000)
  eden space 30720K, 0% used [0x00000000d8200000,0x00000000d8200000,0x00000000da000000)
  from space 5120K, 0% used [0x00000000da500000,0x00000000da500000,0x00000000daa00000)
  to   space 5120K, 0% used [0x00000000da000000,0x00000000da000000,0x00000000da500000)
 ParOldGen       total 60416K, used 7455K [0x0000000088600000, 0x000000008c100000, 0x00000000d8200000)
  object space 60416K, 12% used [0x0000000088600000,0x0000000088d47d38,0x000000008c100000)
 Metaspace       used 20763K, capacity 21014K, committed 21296K, reserved 1069056K
  class space    used 2500K, capacity 2599K, committed 2688K, reserved 1048576K
}

